KioskPTS/app/build/intermediates/manifest_merge_blame_file/debug/processDebugMainManifest/manifest-merger-blame-debug-report.txt
1<?xml version="1.0" encoding="utf-8"?>
2<manifest xmlns:android="http://schemas.android.com/apk/res/android"
3    package="com.smkn1kras.kioskpts"
4    android:versionCode="1"
5    android:versionName="1.0" >
6
7    <uses-sdk
8        android:minSdkVersion="21"
9        android:targetSdkVersion="34" />
10
11    <uses-permission android:name="android.permission.INTERNET" />
11-->src\main\AndroidManifest.xml:5:5-67
11-->src\main\AndroidManifest.xml:5:22-64
12    <uses-permission android:name="android.permission.ACCESS_NETWORK_STATE" />
12-->src\main\AndroidManifest.xml:6:5-79
12-->src\main\AndroidManifest.xml:6:22-76
13
14    <permission
14-->[androidx.core:core:1.9.0] AndroidManifest.xml:22:5-24:47
15        android:name="com.smkn1kras.kioskpts.DYNAMIC_RECEIVER_NOT_EXPORTED_PERMISSION"
15-->[androidx.core:core:1.9.0] AndroidManifest.xml:23:9-81
16        android:protectionLevel="signature" />
16-->[androidx.core:core:1.9.0] AndroidManifest.xml:24:9-44
17
18    <uses-permission android:name="com.smkn1kras.kioskpts.DYNAMIC_RECEIVER_NOT_EXPORTED_PERMISSION" />
18-->[androidx.core:core:1.9.0] AndroidManifest.xml:26:5-97
18-->[androidx.core:core:1.9.0] AndroidManifest.xml:26:22-94
19
20    <application
20-->src\main\AndroidManifest.xml:8:5-46:19
21        android:allowBackup="false"
21-->src\main\AndroidManifest.xml:9:9-36
22        android:appComponentFactory="androidx.core.app.CoreComponentFactory"
22-->[androidx.core:core:1.9.0] AndroidManifest.xml:28:18-86
23        android:debuggable="true"
24        android:extractNativeLibs="true"
25        android:icon="@android:drawable/ic_menu_compass"
25-->src\main\AndroidManifest.xml:10:9-57
26        android:label="@string/app_name"
26-->src\main\AndroidManifest.xml:11:9-41
27        android:networkSecurityConfig="@xml/network_security_config"
27-->src\main\AndroidManifest.xml:12:9-69
28        android:theme="@style/Theme.AppCompat.NoActionBar" >
28-->src\main\AndroidManifest.xml:13:9-59
29        <activity
29-->src\main\AndroidManifest.xml:15:9-27:20
30            android:name="com.smkn1kras.kioskpts.MainActivity"
30-->src\main\AndroidManifest.xml:16:13-41
31            android:configChanges="orientation|screenSize|keyboardHidden"
31-->src\main\AndroidManifest.xml:20:13-74
32            android:exported="true"
32-->src\main\AndroidManifest.xml:17:13-36
33            android:launchMode="singleInstance"
33-->src\main\AndroidManifest.xml:18:13-48
34            android:screenOrientation="landscape" >
34-->src\main\AndroidManifest.xml:19:13-50
35            <intent-filter>
35-->src\main\AndroidManifest.xml:21:13-26:29
36                <action android:name="android.intent.action.MAIN" />
36-->src\main\AndroidManifest.xml:22:17-69
36-->src\main\AndroidManifest.xml:22:25-66
37
38                <category android:name="android.intent.category.LAUNCHER" />
38-->src\main\AndroidManifest.xml:23:17-77
38-->src\main\AndroidManifest.xml:23:27-74
39                <category android:name="android.intent.category.HOME" />
39-->src\main\AndroidManifest.xml:24:17-73
39-->src\main\AndroidManifest.xml:24:27-70
40                <category android:name="android.intent.category.DEFAULT" />
40-->src\main\AndroidManifest.xml:25:17-76
40-->src\main\AndroidManifest.xml:25:27-73
41            </intent-filter>
42        </activity>
43        <activity
43-->src\main\AndroidManifest.xml:29:9-32:61
44            android:name="com.smkn1kras.kioskpts.ExitDialogActivity"
44-->src\main\AndroidManifest.xml:30:13-47
45            android:exported="false"
45-->src\main\AndroidManifest.xml:31:13-37
46            android:theme="@style/Theme.AppCompat.Dialog" />
46-->src\main\AndroidManifest.xml:32:13-58
47
48        <receiver
48-->src\main\AndroidManifest.xml:34:9-44:20
49            android:name="com.smkn1kras.kioskpts.KioskDeviceAdminReceiver"
49-->src\main\AndroidManifest.xml:35:13-53
50            android:exported="true"
50-->src\main\AndroidManifest.xml:36:13-36
51            android:permission="android.permission.BIND_DEVICE_ADMIN" >
51-->src\main\AndroidManifest.xml:37:13-70
52            <meta-data
52-->src\main\AndroidManifest.xml:38:13-40:56
53                android:name="android.app.device_admin"
53-->src\main\AndroidManifest.xml:39:17-56
54                android:resource="@xml/device_admin" />
54-->src\main\AndroidManifest.xml:40:17-53
55
56            <intent-filter>
56-->src\main\AndroidManifest.xml:41:13-43:29
57                <action android:name="android.app.action.DEVICE_ADMIN_ENABLED" />
57-->src\main\AndroidManifest.xml:42:17-82
57-->src\main\AndroidManifest.xml:42:25-79
58            </intent-filter>
59        </receiver>
60
61        <provider
61-->[androidx.emoji2:emoji2:1.2.0] AndroidManifest.xml:24:9-32:20
62            android:name="androidx.startup.InitializationProvider"
62-->[androidx.emoji2:emoji2:1.2.0] AndroidManifest.xml:25:13-67
63            android:authorities="com.smkn1kras.kioskpts.androidx-startup"
63-->[androidx.emoji2:emoji2:1.2.0] AndroidManifest.xml:26:13-68
64            android:exported="false" >
64-->[androidx.emoji2:emoji2:1.2.0] AndroidManifest.xml:27:13-37
65            <meta-data
65-->[androidx.emoji2:emoji2:1.2.0] AndroidManifest.xml:29:13-31:52
66                android:name="androidx.emoji2.text.EmojiCompatInitializer"
66-->[androidx.emoji2:emoji2:1.2.0] AndroidManifest.xml:30:17-75
67                android:value="androidx.startup" />
67-->[androidx.emoji2:emoji2:1.2.0] AndroidManifest.xml:31:17-49
68            <meta-data
68-->[androidx.lifecycle:lifecycle-process:2.4.1] AndroidManifest.xml:31:13-33:52
69                android:name="androidx.lifecycle.ProcessLifecycleInitializer"
69-->[androidx.lifecycle:lifecycle-process:2.4.1] AndroidManifest.xml:32:17-78
70                android:value="androidx.startup" />
70-->[androidx.lifecycle:lifecycle-process:2.4.1] AndroidManifest.xml:33:17-49
71        </provider>
72    </application>
73
74</manifest>